<?xml version="1.0" encoding="utf-8"?>
<coverage line-rate="0.29600000000000004" branch-rate="0.7606" version="1.9" timestamp="1785781785" lines-covered="331" lines-valid="1118" branches-covered="143" branches-valid="188">
  <sources>
    <source>/Users/craigduggan/src/teams/src/</source>
  </sources>
  <packages>
    <package name="Teams.Common" line-rate="0.0434" branch-rate="0.2692" complexity="45">
      <classes>
        <class name="Teams.Common.Services.EnvironmentVariableAccessor" filename="Teams.Common/Services/EnvironmentVariableAccessor.cs" line-rate="0" branch-rate="1" complexity="2">
          <methods>
            <method name="Get" signature="(System.String)" line-rate="0" branch-rate="1" complexity="1">
              <lines>
                <line number="8" hits="0" branch="False" />
              </lines>
            </method>
            <method name="Set" signature="(System.String,System.String)" line-rate="0" branch-rate="1" complexity="1">
              <lines>
                <line number="12" hits="0" branch="False" />
              </lines>
            </method>
          </methods>
          <lines>
            <line number="8" hits="0" branch="False" />
            <line number="12" hits="0" branch="False" />
          </lines>
        </class>
        <class name="Teams.Common.Providers.Temporal.DateTimeOffsetProvider" filename="Teams.Common/Providers/Temporal/DateTimeOffsetProvider.cs" line-rate="1" branch-rate="1" complexity="2">
          <methods>
            <method name="get_Now" signature="()" line-rate="1" branch-rate="1" complexity="2">
              <lines>
                <line number="8" hits="287900" branch="True" condition-coverage="100% (2/2)">
                  <conditions>
                    <condition number="6" type="jump" coverage="100%" />
                  </conditions>
                </line>
              </lines>
            </method>
          </methods>
          <lines>
            <line number="8" hits="287900" branch="True" condition-coverage="100% (2/2)">
              <conditions>
                <condition number="6" type="jump" coverage="100%" />
              </conditions>
            </line>
          </lines>
        </class>
        <class name="Teams.Common.Providers.Identifiers.GuidProvider" filename="Teams.Common/Providers/Identifiers/GuidProvider.cs" line-rate="1" branch-rate="0.5" complexity="2">
          <methods>
            <method name="get_New" signature="()" line-rate="1" branch-rate="0.5" complexity="2">
              <lines>
                <line number="8" hits="6842" branch="True" condition-coverage="50% (1/2)">
                  <conditions>
                    <condition number="6" type="jump" coverage="50%" />
                  </conditions>
                </line>
              </lines>
            </method>
          </methods>
          <lines>
            <line number="8" hits="6842" branch="True" condition-coverage="50% (1/2)">
              <conditions>
                <condition number="6" type="jump" coverage="50%" />
              </conditions>
            </line>
          </lines>
        </class>
        <class name="Teams.Common.Providers.Identifiers.IdentifierProvider" filename="Teams.Common/Providers/Identifiers/IdentifierProvider.cs" line-rate="1" branch-rate="1" complexity="4">
          <methods>
            <method name="get_Generate" signature="()" line-rate="1" branch-rate="1" complexity="4">
              <lines>
                <line number="8" hits="98897" branch="True" condition-coverage="100% (4/4)">
                  <conditions>
                    <condition number="6" type="jump" coverage="100%" />
                    <condition number="18" type="jump" coverage="100%" />
                  </conditions>
                </line>
              </lines>
            </method>
          </methods>
          <lines>
            <line number="8" hits="98897" branch="True" condition-coverage="100% (4/4)">
              <conditions>
                <condition number="6" type="jump" coverage="100%" />
                <condition number="18" type="jump" coverage="100%" />
              </conditions>
            </line>
          </lines>
        </class>
        <class name="Teams.Common.Pagination.CursorConverter" filename="Teams.Common/Pagination/CursorConverter.cs" line-rate="0" branch-rate="0" complexity="6">
          <methods>
            <method name="TryDecodeCursor" signature="(System.String,System.Nullable`1&lt;System.Int64&gt;&amp;)" line-rate="0" branch-rate="0" complexity="4">
              <lines>
                <line number="14" hits="0" branch="False" />
                <line number="15" hits="0" branch="True" condition-coverage="0% (0/2)">
                  <conditions>
                    <condition number="8" type="jump" coverage="0%" />
                  </conditions>
                </line>
                <line number="16" hits="0" branch="False" />
                <line number="20" hits="0" branch="False" />
                <line number="21" hits="0" branch="False" />
                <line number="23" hits="0" branch="True" condition-coverage="0% (0/2)">
                  <conditions>
                    <condition number="46" type="jump" coverage="0%" />
                  </conditions>
                </line>
                <line number="24" hits="0" branch="False" />
                <line number="25" hits="0" branch="False" />
                <line number="27" hits="0" branch="False" />
                <line number="29" hits="0" branch="False" />
                <line number="31" hits="0" branch="False" />
                <line number="33" hits="0" branch="False" />
              </lines>
            </method>
            <method name="TryEncodeCursor" signature="(System.Nullable`1&lt;System.Int64&gt;,System.String&amp;)" line-rate="0" branch-rate="0" complexity="2">
              <lines>
                <line number="41" hits="0" branch="False" />
                <line number="42" hits="0" branch="True" condition-coverage="0% (0/2)">
                  <conditions>
                    <condition number="10" type="jump" coverage="0%" />
                  </conditions>
                </line>
                <line number="43" hits="0" branch="False" />
                <line number="45" hits="0" branch="False" />
                <line number="46" hits="0" branch="False" />
                <line number="47" hits="0" branch="False" />
              </lines>
            </method>
          </methods>
          <lines>
            <line number="14" hits="0" branch="False" />
            <line number="15" hits="0" branch="True" condition-coverage="0% (0/2)">
              <conditions>
                <condition number="8" type="jump" coverage="0%" />
              </conditions>
            </line>
            <line number="16" hits="0" branch="False" />
            <line number="20" hits="0" branch="False" />
            <line number="21" hits="0" branch="False" />
            <line number="23" hits="0" branch="True" condition-coverage="0% (0/2)">
              <conditions>
                <condition number="46" type="jump" coverage="0%" />
              </conditions>
            </line>
            <line number="24" hits="0" branch="False" />
            <line number="25" hits="0" branch="False" />
            <line number="27" hits="0" branch="False" />
            <line number="29" hits="0" branch="False" />
            <line number="31" hits="0" branch="False" />
            <line number="33" hits="0" branch="False" />
            <line number="41" hits="0" branch="False" />
            <line number="42" hits="0" branch="True" condition-coverage="0% (0/2)">
              <conditions>
                <condition number="10" type="jump" coverage="0%" />
              </conditions>
            </line>
            <line number="43" hits="0" branch="False" />
            <line number="45" hits="0" branch="False" />
            <line number="46" hits="0" branch="False" />
            <line number="47" hits="0" branch="False" />
          </lines>
        </class>
        <class name="Teams.Common.Pagination.PagedList`1" filename="Teams.Common/Pagination/PagedList.cs" line-rate="0" branch-rate="1" complexity="1">
          <methods>
            <method name="get_Data" signature="()" line-rate="0" branch-rate="1" complexity="1">
              <lines>
                <line number="3" hits="0" branch="False" />
              </lines>
            </method>
          </methods>
          <lines>
            <line number="3" hits="0" branch="False" />
          </lines>
        </class>
        <class name="Teams.Common.Formatters.StringFormatters" filename="Teams.Common/Formatters/StringFormatters.cs" line-rate="0" branch-rate="1" complexity="1">
          <methods>
            <method name="CamelCaseFormatter" signature="(System.String)" line-rate="0" branch-rate="1" complexity="1">
              <lines>
                <line number="22" hits="0" branch="False" />
              </lines>
            </method>
          </methods>
          <lines>
            <line number="22" hits="0" branch="False" />
          </lines>
        </class>
        <class name="Teams.Common.Extensions.CryptographyExtensions" filename="Teams.Common/Extensions/CryptographyExtensions.cs" line-rate="0" branch-rate="0" complexity="8">
          <methods>
            <method name="GetShaDigest" signature="(System.Object)" line-rate="0" branch-rate="1" complexity="1">
              <lines>
                <line number="19" hits="0" branch="False" />
              </lines>
            </method>
            <method name="GetShaDigestAsync" signature="(System.Object,System.Threading.CancellationToken)" line-rate="0" branch-rate="1" complexity="1">
              <lines>
                <line number="31" hits="0" branch="False" />
              </lines>
            </method>
            <method name="GetMd5Digest" signature="(System.Object)" line-rate="0" branch-rate="1" complexity="1">
              <lines>
                <line number="42" hits="0" branch="False" />
              </lines>
            </method>
            <method name="GetMd5DigestAsync" signature="(System.Object,System.Threading.CancellationToken)" line-rate="0" branch-rate="1" complexity="1">
              <lines>
                <line number="54" hits="0" branch="False" />
              </lines>
            </method>
            <method name="ToByteArray" signature="(System.Object)" line-rate="0" branch-rate="0" complexity="2">
              <lines>
                <line number="61" hits="0" branch="True" condition-coverage="0% (0/2)">
                  <conditions>
                    <condition number="12" type="jump" coverage="0%" />
                  </conditions>
                </line>
              </lines>
            </method>
            <method name="GetChecksum" signature="(System.Byte[],System.Func`1&lt;System.Security.Cryptography.HashAlgorithm&gt;)" line-rate="0" branch-rate="0" complexity="2">
              <lines>
                <line number="65" hits="0" branch="False" />
                <line number="66" hits="0" branch="False" />
                <line number="68" hits="0" branch="False" />
                <line number="69" hits="0" branch="True" condition-coverage="0% (0/2)">
                  <conditions>
                    <condition number="67" type="jump" coverage="0%" />
                  </conditions>
                </line>
                <line number="70" hits="0" branch="False" />
                <line number="72" hits="0" branch="False" />
                <line number="73" hits="0" branch="False" />
              </lines>
            </method>
          </methods>
          <lines>
            <line number="19" hits="0" branch="False" />
            <line number="31" hits="0" branch="False" />
            <line number="42" hits="0" branch="False" />
            <line number="54" hits="0" branch="False" />
            <line number="61" hits="0" branch="True" condition-coverage="0% (0/2)">
              <conditions>
                <condition number="12" type="jump" coverage="0%" />
              </conditions>
            </line>
            <line number="65" hits="0" branch="False" />
            <line number="66" hits="0" branch="False" />
            <line number="68" hits="0" branch="False" />
            <line number="69" hits="0" branch="True" condition-coverage="0% (0/2)">
              <conditions>
                <condition number="67" type="jump" coverage="0%" />
              </conditions>
            </line>
            <line number="70" hits="0" branch="False" />
            <line number="72" hits="0" branch="False" />
            <line number="73" hits="0" branch="False" />
          </lines>
        </class>
        <class name="Teams.Common.Extensions.CryptographyExtensions/&lt;GetChecksumAsync&gt;d__6" filename="Teams.Common/Extensions/CryptographyExtensions.cs" line-rate="0" branch-rate="0" complexity="2">
          <methods>
            <method name="MoveNext" signature="()" line-rate="0" branch-rate="0" complexity="2">
              <lines>
                <line number="80" hits="0" branch="False" />
                <line number="81" hits="0" branch="False" />
                <line number="82" hits="0" branch="False" />
                <line number="84" hits="0" branch="False" />
                <line number="85" hits="0" branch="True" condition-coverage="0% (0/2)">
                  <conditions>
                    <condition number="231" type="jump" coverage="0%" />
                  </conditions>
                </line>
                <line number="86" hits="0" branch="False" />
                <line number="88" hits="0" branch="False" />
                <line number="89" hits="0" branch="False" />
              </lines>
            </method>
          </methods>
          <lines>
            <line number="80" hits="0" branch="False" />
            <line number="81" hits="0" branch="False" />
            <line number="82" hits="0" branch="False" />
            <line number="84" hits="0" branch="False" />
            <line number="85" hits="0" branch="True" condition-coverage="0% (0/2)">
              <conditions>
                <condition number="231" type="jump" coverage="0%" />
              </conditions>
            </line>
            <line number="86" hits="0" branch="False" />
            <line number="88" hits="0" branch="False" />
            <line number="89" hits="0" branch="False" />
          </lines>
        </class>
        <class name="Teams.Common.Extensions.EnumExtensions" filename="Teams.Common/Extensions/EnumExtensions.cs" line-rate="0" branch-rate="1" complexity="1">
          <methods>
            <method name="GetName" signature="(TEnum)" line-rate="0" branch-rate="1" complexity="1">
              <lines>
                <line number="12" hits="0" branch="False" />
              </lines>
            </method>
          </methods>
          <lines>
            <line number="12" hits="0" branch="False" />
          </lines>
        </class>
        <class name="Teams.Common.Extensions.IntExtensions" filename="Teams.Common/Extensions/IntExtensions.cs" line-rate="0" branch-rate="0" complexity="4">
          <methods>
            <method name="ToEnum" signature="(System.Int32)" line-rate="0" branch-rate="0" complexity="2">
              <lines>
                <line number="15" hits="0" branch="True" condition-coverage="0% (0/2)">
                  <conditions>
                    <condition number="21" type="jump" coverage="0%" />
                  </conditions>
                </line>
                <line number="16" hits="0" branch="False" />
                <line number="17" hits="0" branch="False" />
              </lines>
            </method>
            <method name="ToEnum" signature="(System.Nullable`1&lt;System.Int32&gt;)" line-rate="0" branch-rate="0" complexity="2">
              <lines>
                <line number="25" hits="0" branch="True" condition-coverage="0% (0/2)">
                  <conditions>
                    <condition number="7" type="jump" coverage="0%" />
                  </conditions>
                </line>
              </lines>
            </method>
          </methods>
          <lines>
            <line number="15" hits="0" branch="True" condition-coverage="0% (0/2)">
              <conditions>
                <condition number="21" type="jump" coverage="0%" />
              </conditions>
            </line>
            <line number="16" hits="0" branch="False" />
            <line number="17" hits="0" branch="False" />
            <line number="25" hits="0" branch="True" condition-coverage="0% (0/2)">
              <conditions>
                <condition number="7" type="jump" coverage="0%" />
              </conditions>
            </line>
          </lines>
        </class>
        <class name="Teams.Common.Extensions.JsonSerializationExtensions" filename="Teams.Common/Extensions/JsonSerializationExtensions.cs" line-rate="0" branch-rate="0" complexity="6">
          <methods>
            <method name="Deserialize" signature="(System.String)" line-rate="0" branch-rate="1" complexity="1">
              <lines>
                <line number="27" hits="0" branch="False" />
              </lines>
            </method>
            <method name="Deserialize" signature="(System.String,System.Text.Json.JsonSerializerOptions)" line-rate="0" branch-rate="0" complexity="2">
              <lines>
                <line number="38" hits="0" branch="True" condition-coverage="0% (0/2)">
                  <conditions>
                    <condition number="2" type="jump" coverage="0%" />
                  </conditions>
                </line>
              </lines>
            </method>
            <method name="Serialize" signature="(T)" line-rate="0" branch-rate="1" complexity="1">
              <lines>
                <line number="45" hits="0" branch="False" />
              </lines>
            </method>
            <method name="Serialize" signature="(T,System.Text.Json.JsonSerializerOptions)" line-rate="0" branch-rate="1" complexity="1">
              <lines>
                <line number="53" hits="0" branch="False" />
              </lines>
            </method>
            <method name=".cctor" signature="()" line-rate="0" branch-rate="1" complexity="1">
              <lines>
                <line number="11" hits="0" branch="False" />
                <line number="12" hits="0" branch="False" />
                <line number="13" hits="0" branch="False" />
                <line number="14" hits="0" branch="False" />
                <line number="15" hits="0" branch="False" />
                <line number="16" hits="0" branch="False" />
                <line number="17" hits="0" branch="False" />
              </lines>
            </method>
          </methods>
          <lines>
            <line number="27" hits="0" branch="False" />
            <line number="38" hits="0" branch="True" condition-coverage="0% (0/2)">
              <conditions>
                <condition number="2" type="jump" coverage="0%" />
              </conditions>
            </line>
            <line number="45" hits="0" branch="False" />
            <line number="53" hits="0" branch="False" />
            <line number="11" hits="0" branch="False" />
            <line number="12" hits="0" branch="False" />
            <line number="13" hits="0" branch="False" />
            <line number="14" hits="0" branch="False" />
            <line number="15" hits="0" branch="False" />
            <line number="16" hits="0" branch="False" />
            <line number="17" hits="0" branch="False" />
          </lines>
        </class>
        <class name="Teams.Common.Extensions.PagedListExtensions" filename="Teams.Common/Extensions/PagedListExtensions.cs" line-rate="0" branch-rate="1" complexity="1">
          <methods>
            <method name="Map" signature="(Teams.Common.Pagination.PagedList`1&lt;TSource&gt;,System.Func`2&lt;TSource,TTarget&gt;)" line-rate="0" branch-rate="1" complexity="1">
              <lines>
                <line number="8" hits="0" branch="False" />
              </lines>
            </method>
          </methods>
          <lines>
            <line number="8" hits="0" branch="False" />
          </lines>
        </class>
        <class name="Teams.Common.Extensions.StringExtensions" filename="Teams.Common/Extensions/StringExtensions.cs" line-rate="0" branch-rate="1" complexity="2">
          <methods>
            <method name="ToCamelCase" signature="(System.String)" line-rate="0" branch-rate="1" complexity="1">
              <lines>
                <line number="12" hits="0" branch="False" />
              </lines>
            </method>
            <method name="ToKebabCaseLower" signature="(System.String)" line-rate="0" branch-rate="1" complexity="1">
              <lines>
                <line number="20" hits="0" branch="False" />
              </lines>
            </method>
          </methods>
          <lines>
            <line number="12" hits="0" branch="False" />
            <line number="20" hits="0" branch="False" />
          </lines>
        </class>
        <class name="Teams.Common.Exceptions.EnumConversionException" filename="Teams.Common/Exceptions/EnumConversionException.cs" line-rate="0" branch-rate="1" complexity="3">
          <methods>
            <method name="ForUndefinedValue" signature="(System.Type,TValue)" line-rate="0" branch-rate="1" complexity="1">
              <lines>
                <line number="29" hits="0" branch="False" />
              </lines>
            </method>
            <method name=".ctor" signature="()" line-rate="0" branch-rate="1" complexity="1">
              <lines>
                <line number="10" hits="0" branch="False" />
                <line number="12" hits="0" branch="False" />
              </lines>
            </method>
            <method name=".ctor" signature="(System.String)" line-rate="0" branch-rate="1" complexity="1">
              <lines>
                <line number="19" hits="0" branch="False" />
                <line number="21" hits="0" branch="False" />
              </lines>
            </method>
          </methods>
          <lines>
            <line number="29" hits="0" branch="False" />
            <line number="10" hits="0" branch="False" />
            <line number="12" hits="0" branch="False" />
            <line number="19" hits="0" branch="False" />
            <line number="21" hits="0" branch="False" />
          </lines>
        </class>
      </classes>
    </package>
    <package name="Teams.Data" line-rate="0.221" branch-rate="0.9895" complexity="142">
      <classes>
        <class name="Teams.Data.Services.UnitOfWork" filename="Teams.Data/Services/UnitOfWork.cs" line-rate="1" branch-rate="1" complexity="11">
          <methods>
            <method name="get_Context" signature="()" line-rate="1" branch-rate="1" complexity="2">
              <lines>
                <line number="22" hits="10" branch="True" condition-coverage="100% (2/2)">
                  <conditions>
                    <condition number="7" type="jump" coverage="100%" />
                  </conditions>
                </line>
              </lines>
            </method>
            <method name="get_Players" signature="()" line-rate="1" branch-rate="1" complexity="2">
              <lines>
                <line number="25" hits="5" branch="True" condition-coverage="100% (2/2)">
                  <conditions>
                    <condition number="7" type="jump" coverage="100%" />
                  </conditions>
                </line>
              </lines>
            </method>
            <method name="get_Games" signature="()" line-rate="1" branch-rate="1" complexity="2">
              <lines>
                <line number="28" hits="3" branch="True" condition-coverage="100% (2/2)">
                  <conditions>
                    <condition number="7" type="jump" coverage="100%" />
                  </conditions>
                </line>
              </lines>
            </method>
            <method name="get_Users" signature="()" line-rate="1" branch-rate="1" complexity="2">
              <lines>
                <line number="31" hits="4" branch="True" condition-coverage="100% (2/2)">
                  <conditions>
                    <condition number="7" type="jump" coverage="100%" />
                  </conditions>
                </line>
              </lines>
            </method>
            <method name="Dispose" signature="()" line-rate="1" branch-rate="1" complexity="2">
              <lines>
                <line number="40" hits="2" branch="True" condition-coverage="100% (2/2)">
                  <conditions>
                    <condition number="7" type="jump" coverage="100%" />
                  </conditions>
                </line>
                <line number="41" hits="2" branch="False" />
                <line number="42" hits="2" branch="False" />
              </lines>
            </method>
            <method name=".ctor" signature="(Teams.Data.Context.IApiDbContextFactory)" line-rate="1" branch-rate="1" complexity="1">
              <lines>
                <line number="17" hits="11" branch="False" />
              </lines>
            </method>
          </methods>
          <lines>
            <line number="22" hits="10" branch="True" condition-coverage="100% (2/2)">
              <conditions>
                <condition number="7" type="jump" coverage="100%" />
              </conditions>
            </line>
            <line number="25" hits="5" branch="True" condition-coverage="100% (2/2)">
              <conditions>
                <condition number="7" type="jump" coverage="100%" />
              </conditions>
            </line>
            <line number="28" hits="3" branch="True" condition-coverage="100% (2/2)">
              <conditions>
                <condition number="7" type="jump" coverage="100%" />
              </conditions>
            </line>
            <line number="31" hits="4" branch="True" condition-coverage="100% (2/2)">
              <conditions>
                <condition number="7" type="jump" coverage="100%" />
              </conditions>
            </line>
            <line number="40" hits="2" branch="True" condition-coverage="100% (2/2)">
              <conditions>
                <condition number="7" type="jump" coverage="100%" />
              </conditions>
            </line>
            <line number="41" hits="2" branch="False" />
            <line number="42" hits="2" branch="False" />
            <line number="17" hits="11" branch="False" />
          </lines>
        </class>
        <class name="Teams.Data.Services.UnitOfWork/&lt;DisposeAsync&gt;d__16" filename="Teams.Data/Services/UnitOfWork.cs" line-rate="1" branch-rate="1" complexity="2">
          <methods>
            <method name="MoveNext" signature="()" line-rate="1" branch-rate="1" complexity="2">
              <lines>
                <line number="47" hits="2" branch="True" condition-coverage="100% (2/2)">
                  <conditions>
                    <condition number="23" type="jump" coverage="100%" />
                  </conditions>
                </line>
                <line number="48" hits="1" branch="False" />
                <line number="49" hits="2" branch="False" />
                <line number="50" hits="2" branch="False" />
              </lines>
            </method>
          </methods>
          <lines>
            <line number="47" hits="2" branch="True" condition-coverage="100% (2/2)">
              <conditions>
                <condition number="23" type="jump" coverage="100%" />
              </conditions>
            </line>
            <line number="48" hits="1" branch="False" />
            <line number="49" hits="2" branch="False" />
            <line number="50" hits="2" branch="False" />
          </lines>
        </class>
        <class name="Teams.Data.Services.UnitOfWork/&lt;SaveChangesAsync&gt;d__14" filename="Teams.Data/Services/UnitOfWork.cs" line-rate="1" branch-rate="1" complexity="1">
          <methods>
            <method name="MoveNext" signature="()" line-rate="1" branch-rate="1" complexity="1">
              <lines>
                <line number="35" hits="1" branch="False" />
              </lines>
            </method>
          </methods>
          <lines>
            <line number="35" hits="1" branch="False" />
          </lines>
        </class>
        <class name="Teams.Data.Repositories.RepositoryBase" filename="Teams.Data/Repositories/RepositoryBase.cs" line-rate="1" branch-rate="1" complexity="2">
          <methods>
            <method name="get_Context" signature="()" line-rate="1" branch-rate="1" complexity="1">
              <lines>
                <line number="10" hits="125" branch="False" />
              </lines>
            </method>
            <method name=".ctor" signature="(Teams.Data.Context.ApiDbContext)" line-rate="1" branch-rate="1" complexity="1">
              <lines>
                <line number="7" hits="66" branch="False" />
              </lines>
            </method>
          </methods>
          <lines>
            <line number="10" hits="125" branch="False" />
            <line number="7" hits="66" branch="False" />
          </lines>
        </class>
        <class name="Teams.Data.Repositories.Users.ReadOnlyUsersRepository" filename="Teams.Data/Repositories/Users/ReadOnlyUsersRepository.cs" line-rate="1" branch-rate="1" complexity="1">
          <methods>
            <method name=".ctor" signature="(Teams.Data.Context.ApiDbContext)" line-rate="1" branch-rate="1" complexity="1">
              <lines>
                <line number="11" hits="26" branch="False" />
              </lines>
            </method>
          </methods>
          <lines>
            <line number="11" hits="26" branch="False" />
          </lines>
        </class>
        <class name="Teams.Data.Repositories.Users.ReadOnlyUsersRepository/&lt;GetAsync&gt;d__6" filename="Teams.Data/Repositories/Users/ReadOnlyUsersRepository.cs" line-rate="1" branch-rate="1" complexity="4">
          <methods>
            <method name="MoveNext" signature="()" line-rate="1" branch-rate="1" complexity="4">
              <lines>
                <line number="42" hits="10" branch="True" condition-coverage="100% (4/4)">
                  <conditions>
                    <condition number="93" type="jump" coverage="100%" />
                    <condition number="125" type="jump" coverage="100%" />
                  </conditions>
                </line>
                <line number="43" hits="10" branch="False" />
                <line number="44" hits="10" branch="False" />
                <line number="45" hits="10" branch="False" />
                <line number="46" hits="10" branch="False" />
                <line number="47" hits="10" branch="False" />
                <line number="48" hits="10" branch="False" />
                <line number="49" hits="10" branch="False" />
                <line number="50" hits="10" branch="False" />
              </lines>
            </method>
          </methods>
          <lines>
            <line number="42" hits="10" branch="True" condition-coverage="100% (4/4)">
              <conditions>
                <condition number="93" type="jump" coverage="100%" />
                <condition number="125" type="jump" coverage="100%" />
              </conditions>
            </line>
            <line number="43" hits="10" branch="False" />
            <line number="44" hits="10" branch="False" />
            <line number="45" hits="10" branch="False" />
            <line number="46" hits="10" branch="False" />
            <line number="47" hits="10" branch="False" />
            <line number="48" hits="10" branch="False" />
            <line number="49" hits="10" branch="False" />
            <line number="50" hits="10" branch="False" />
          </lines>
        </class>
        <class name="Teams.Data.Repositories.Users.ReadOnlyUsersRepository/&lt;GetByEmailAddressAsync&gt;d__4" filename="Teams.Data/Repositories/Users/ReadOnlyUsersRepository.cs" line-rate="1" branch-rate="1" complexity="1">
          <methods>
            <method name="MoveNext" signature="()" line-rate="1" branch-rate="1" complexity="1">
              <lines>
                <line number="27" hits="2" branch="False" />
              </lines>
            </method>
          </methods>
          <lines>
            <line number="27" hits="2" branch="False" />
          </lines>
        </class>
        <class name="Teams.Data.Repositories.Users.ReadOnlyUsersRepository/&lt;GetByExternalIdAsync&gt;d__3" filename="Teams.Data/Repositories/Users/ReadOnlyUsersRepository.cs" line-rate="1" branch-rate="1" complexity="1">
          <methods>
            <method name="MoveNext" signature="()" line-rate="1" branch-rate="1" complexity="1">
              <lines>
                <line number="23" hits="2" branch="False" />
              </lines>
            </method>
          </methods>
          <lines>
            <line number="23" hits="2" branch="False" />
          </lines>
        </class>
        <class name="Teams.Data.Repositories.Users.ReadOnlyUsersRepository/&lt;GetByIdAsync&gt;d__1" filename="Teams.Data/Repositories/Users/ReadOnlyUsersRepository.cs" line-rate="1" branch-rate="1" complexity="1">
          <methods>
            <method name="MoveNext" signature="()" line-rate="1" branch-rate="1" complexity="1">
              <lines>
                <line number="15" hits="2" branch="False" />
              </lines>
            </method>
          </methods>
          <lines>
            <line number="15" hits="2" branch="False" />
          </lines>
        </class>
        <class name="Teams.Data.Repositories.Users.ReadOnlyUsersRepository/&lt;GetByPhoneNumberAsync&gt;d__5" filename="Teams.Data/Repositories/Users/ReadOnlyUsersRepository.cs" line-rate="1" branch-rate="1" complexity="1">
          <methods>
            <method name="MoveNext" signature="()" line-rate="1" branch-rate="1" complexity="1">
              <lines>
                <line number="31" hits="2" branch="False" />
              </lines>
            </method>
          </methods>
          <lines>
            <line number="31" hits="2" branch="False" />
          </lines>
        </class>
        <class name="Teams.Data.Repositories.Users.ReadOnlyUsersRepository/&lt;GetByTagAsync&gt;d__2" filename="Teams.Data/Repositories/Users/ReadOnlyUsersRepository.cs" line-rate="1" branch-rate="1" complexity="1">
          <methods>
            <method name="MoveNext" signature="()" line-rate="1" branch-rate="1" complexity="1">
              <lines>
                <line number="19" hits="2" branch="False" />
              </lines>
            </method>
          </methods>
          <lines>
            <line number="19" hits="2" branch="False" />
          </lines>
        </class>
        <class name="Teams.Data.Repositories.Users.UsersFilterHelper" filename="Teams.Data/Repositories/Users/UsersFilterHelper.cs" line-rate="1" branch-rate="1" complexity="12">
          <methods>
            <method name="ApplyEmailAddressFilter" signature="(System.Linq.IQueryable`1&lt;Teams.Domain.Entities.User&gt;,System.String)" line-rate="1" branch-rate="1" complexity="2">
              <lines>
                <line number="9" hits="12" branch="True" condition-coverage="100% (2/2)">
                  <conditions>
                    <condition number="19" type="jump" coverage="100%" />
                  </conditions>
                </line>
                <line number="10" hits="12" branch="False" />
                <line number="11" hits="12" branch="False" />
              </lines>
            </method>
            <method name="ApplyTagFilter" signature="(System.Linq.IQueryable`1&lt;Teams.Domain.Entities.User&gt;,System.String)" line-rate="1" branch-rate="1" complexity="2">
              <lines>
                <line number="14" hits="12" branch="True" condition-coverage="100% (2/2)">
                  <conditions>
                    <condition number="19" type="jump" coverage="100%" />
                  </conditions>
                </line>
                <line number="15" hits="12" branch="False" />
                <line number="16" hits="12" branch="False" />
              </lines>
            </method>
            <method name="ApplyDisplayNameFilter" signature="(System.Linq.IQueryable`1&lt;Teams.Domain.Entities.User&gt;,System.String)" line-rate="1" branch-rate="1" complexity="2">
              <lines>
                <line number="19" hits="12" branch="True" condition-coverage="100% (2/2)">
                  <conditions>
                    <condition number="19" type="jump" coverage="100%" />
                  </conditions>
                </line>
                <line number="20" hits="12" branch="False" />
                <line number="21" hits="12" branch="False" />
              </lines>
            </method>
            <method name="ApplyRatingFilter" signature="(System.Linq.IQueryable`1&lt;Teams.Domain.Entities.User&gt;,Teams.Data.Models.RangeFilter`1&lt;System.Int32&gt;)" line-rate="1" branch-rate="1" complexity="2">
              <lines>
                <line number="24" hits="14" branch="True" condition-coverage="100% (2/2)">
                  <conditions>
                    <condition number="1" type="jump" coverage="100%" />
                  </conditions>
                </line>
                <line number="25" hits="14" branch="False" />
                <line number="26" hits="14" branch="False" />
              </lines>
            </method>
            <method name="ApplyRatingFromFilter" signature="(System.Linq.IQueryable`1&lt;Teams.Domain.Entities.User&gt;,System.Nullable`1&lt;System.Int32&gt;)" line-rate="1" branch-rate="1" complexity="2">
              <lines>
                <line number="29" hits="4" branch="True" condition-coverage="100% (2/2)">
                  <conditions>
                    <condition number="24" type="jump" coverage="100%" />
                  </conditions>
                </line>
                <line number="30" hits="4" branch="False" />
                <line number="31" hits="4" branch="False" />
              </lines>
            </method>
            <method name="ApplyRatingToFilter" signature="(System.Linq.IQueryable`1&lt;Teams.Domain.Entities.User&gt;,System.Nullable`1&lt;System.Int32&gt;)" line-rate="1" branch-rate="1" complexity="2">
              <lines>
                <line number="34" hits="4" branch="True" condition-coverage="100% (2/2)">
                  <conditions>
                    <condition number="24" type="jump" coverage="100%" />
                  </conditions>
                </line>
                <line number="35" hits="4" branch="False" />
                <line number="36" hits="4" branch="False" />
              </lines>
            </method>
          </methods>
          <lines>
            <line number="9" hits="12" branch="True" condition-coverage="100% (2/2)">
              <conditions>
                <condition number="19" type="jump" coverage="100%" />
              </conditions>
            </line>
            <line number="10" hits="12" branch="False" />
            <line number="11" hits="12" branch="False" />
            <line number="14" hits="12" branch="True" condition-coverage="100% (2/2)">
              <conditions>
                <condition number="19" type="jump" coverage="100%" />
              </conditions>
            </line>
            <line number="15" hits="12" branch="False" />
            <line number="16" hits="12" branch="False" />
            <line number="19" hits="12" branch="True" condition-coverage="100% (2/2)">
              <conditions>
                <condition number="19" type="jump" coverage="100%" />
              </conditions>
            </line>
            <line number="20" hits="12" branch="False" />
            <line number="21" hits="12" branch="False" />
            <line number="24" hits="14" branch="True" condition-coverage="100% (2/2)">
              <conditions>
                <condition number="1" type="jump" coverage="100%" />
              </conditions>
            </line>
            <line number="25" hits="14" branch="False" />
            <line number="26" hits="14" branch="False" />
            <line number="29" hits="4" branch="True" condition-coverage="100% (2/2)">
              <conditions>
                <condition number="24" type="jump" coverage="100%" />
              </conditions>
            </line>
            <line number="30" hits="4" branch="False" />
            <line number="31" hits="4" branch="False" />
            <line number="34" hits="4" branch="True" condition-coverage="100% (2/2)">
              <conditions>
                <condition number="24" type="jump" coverage="100%" />
              </conditions>
            </line>
            <line number="35" hits="4" branch="False" />
            <line number="36" hits="4" branch="False" />
          </lines>
        </class>
        <class name="Teams.Data.Repositories.Users.UsersRepository" filename="Teams.Data/Repositories/Users/UsersRepository.cs" line-rate="1" branch-rate="1" complexity="3">
          <methods>
            <method name="UpdateAsync" signature="(Teams.Domain.Entities.User,System.Threading.CancellationToken)" line-rate="1" branch-rate="1" complexity="1">
              <lines>
                <line number="20" hits="1" branch="False" />
                <line number="21" hits="1" branch="False" />
              </lines>
            </method>
            <method name="DeleteAsync" signature="(Teams.Domain.Entities.User,System.Threading.CancellationToken)" line-rate="1" branch-rate="1" complexity="1">
              <lines>
                <line number="27" hits="1" branch="False" />
                <line number="28" hits="1" branch="False" />
              </lines>
            </method>
            <method name=".ctor" signature="(Teams.Data.Context.ApiDbContext)" line-rate="1" branch-rate="1" complexity="1">
              <lines>
                <line number="8" hits="6" branch="False" />
              </lines>
            </method>
          </methods>
          <lines>
            <line number="20" hits="1" branch="False" />
            <line number="21" hits="1" branch="False" />
            <line number="27" hits="1" branch="False" />
            <line number="28" hits="1" branch="False" />
            <line number="8" hits="6" branch="False" />
          </lines>
        </class>
        <class name="Teams.Data.Repositories.Users.UsersRepository/&lt;CreateAsync&gt;d__1" filename="Teams.Data/Repositories/Users/UsersRepository.cs" line-rate="1" branch-rate="1" complexity="1">
          <methods>
            <method name="MoveNext" signature="()" line-rate="1" branch-rate="1" complexity="1">
              <lines>
                <line number="13" hits="2" branch="False" />
                <line number="14" hits="2" branch="False" />
                <line number="15" hits="2" branch="False" />
              </lines>
            </method>
          </methods>
          <lines>
            <line number="13" hits="2" branch="False" />
            <line number="14" hits="2" branch="False" />
            <line number="15" hits="2" branch="False" />
          </lines>
        </class>
        <class name="Teams.Data.Repositories.Players.PlayersFilterHelper" filename="Teams.Data/Repositories/Players/PlayersFilterHelper.cs" line-rate="1" branch-rate="1" complexity="16">
          <methods>
            <method name="ApplyGameIdFilter" signature="(System.Linq.IQueryable`1&lt;Teams.Domain.Entities.Player&gt;,System.String)" line-rate="1" branch-rate="1" complexity="2">
              <lines>
                <line number="10" hits="15" branch="True" condition-coverage="100% (2/2)">
                  <conditions>
                    <condition number="19" type="jump" coverage="100%" />
                  </conditions>
                </line>
                <line number="11" hits="15" branch="False" />
                <line number="12" hits="15" branch="False" />
              </lines>
            </method>
            <method name="ApplyDisplayNameFilter" signature="(System.Linq.IQueryable`1&lt;Teams.Domain.Entities.Player&gt;,System.String)" line-rate="1" branch-rate="1" complexity="2">
              <lines>
                <line number="15" hits="15" branch="True" condition-coverage="100% (2/2)">
                  <conditions>
                    <condition number="19" type="jump" coverage="100%" />
                  </conditions>
                </line>
                <line number="16" hits="15" branch="False" />
                <line number="17" hits="15" branch="False" />
              </lines>
            </method>
            <method name="ApplyUserIdFilter" signature="(System.Linq.IQueryable`1&lt;Teams.Domain.Entities.Player&gt;,System.String)" line-rate="1" branch-rate="1" complexity="2">
              <lines>
                <line number="20" hits="15" branch="True" condition-coverage="100% (2/2)">
                  <conditions>
                    <condition number="19" type="jump" coverage="100%" />
                  </conditions>
                </line>
                <line number="21" hits="15" branch="False" />
                <line number="22" hits="15" branch="False" />
              </lines>
            </method>
            <method name="ApplyTeamFilter" signature="(System.Linq.IQueryable`1&lt;Teams.Domain.Entities.Player&gt;,System.Nullable`1&lt;Teams.Domain.Enums.GameTeamEnum&gt;)" line-rate="1" branch-rate="1" complexity="2">
              <lines>
                <line number="25" hits="15" branch="True" condition-coverage="100% (2/2)">
                  <conditions>
                    <condition number="24" type="jump" coverage="100%" />
                  </conditions>
                </line>
                <line number="26" hits="15" branch="False" />
                <line number="27" hits="15" branch="False" />
              </lines>
            </method>
            <method name="ApplyTypeFilter" signature="(System.Linq.IQueryable`1&lt;Teams.Domain.Entities.Player&gt;,System.Nullable`1&lt;Teams.Domain.Enums.PlayerTypeEnum&gt;)" line-rate="1" branch-rate="1" complexity="2">
              <lines>
                <line number="30" hits="15" branch="True" condition-coverage="100% (2/2)">
                  <conditions>
                    <condition number="24" type="jump" coverage="100%" />
                  </conditions>
                </line>
                <line number="31" hits="15" branch="False" />
                <line number="32" hits="15" branch="False" />
              </lines>
            </method>
            <method name="ApplyRatingFilter" signature="(System.Linq.IQueryable`1&lt;Teams.Domain.Entities.Player&gt;,Teams.Data.Models.RangeFilter`1&lt;System.Int32&gt;)" line-rate="1" branch-rate="1" complexity="2">
              <lines>
                <line number="35" hits="17" branch="True" condition-coverage="100% (2/2)">
                  <conditions>
                    <condition number="1" type="jump" coverage="100%" />
                  </conditions>
                </line>
                <line number="36" hits="17" branch="False" />
                <line number="37" hits="17" branch="False" />
              </lines>
            </method>
            <method name="ApplyRatingFromFilter" signature="(System.Linq.IQueryable`1&lt;Teams.Domain.Entities.Player&gt;,System.Nullable`1&lt;System.Int32&gt;)" line-rate="1" branch-rate="1" complexity="2">
              <lines>
                <line number="40" hits="4" branch="True" condition-coverage="100% (2/2)">
                  <conditions>
                    <condition number="24" type="jump" coverage="100%" />
                  </conditions>
                </line>
                <line number="41" hits="4" branch="False" />
                <line number="42" hits="4" branch="False" />
              </lines>
            </method>
            <method name="ApplyRatingToFilter" signature="(System.Linq.IQueryable`1&lt;Teams.Domain.Entities.Player&gt;,System.Nullable`1&lt;System.Int32&gt;)" line-rate="1" branch-rate="1" complexity="2">
              <lines>
                <line number="45" hits="4" branch="True" condition-coverage="100% (2/2)">
                  <conditions>
                    <condition number="24" type="jump" coverage="100%" />
                  </conditions>
                </line>
                <line number="46" hits="4" branch="False" />
                <line number="47" hits="4" branch="False" />
              </lines>
            </method>
          </methods>
          <lines>
            <line number="10" hits="15" branch="True" condition-coverage="100% (2/2)">
              <conditions>
                <condition number="19" type="jump" coverage="100%" />
              </conditions>
            </line>
            <line number="11" hits="15" branch="False" />
            <line number="12" hits="15" branch="False" />
            <line number="15" hits="15" branch="True" condition-coverage="100% (2/2)">
              <conditions>
                <condition number="19" type="jump" coverage="100%" />
              </conditions>
            </line>
            <line number="16" hits="15" branch="False" />
            <line number="17" hits="15" branch="False" />
            <line number="20" hits="15" branch="True" condition-coverage="100% (2/2)">
              <conditions>
                <condition number="19" type="jump" coverage="100%" />
              </conditions>
            </line>
            <line number="21" hits="15" branch="False" />
            <line number="22" hits="15" branch="False" />
            <line number="25" hits="15" branch="True" condition-coverage="100% (2/2)">
              <conditions>
                <condition number="24" type="jump" coverage="100%" />
              </conditions>
            </line>
            <line number="26" hits="15" branch="False" />
            <line number="27" hits="15" branch="False" />
            <line number="30" hits="15" branch="True" condition-coverage="100% (2/2)">
              <conditions>
                <condition number="24" type="jump" coverage="100%" />
              </conditions>
            </line>
            <line number="31" hits="15" branch="False" />
            <line number="32" hits="15" branch="False" />
            <line number="35" hits="17" branch="True" condition-coverage="100% (2/2)">
              <conditions>
                <condition number="1" type="jump" coverage="100%" />
              </conditions>
            </line>
            <line number="36" hits="17" branch="False" />
            <line number="37" hits="17" branch="False" />
            <line number="40" hits="4" branch="True" condition-coverage="100% (2/2)">
              <conditions>
                <condition number="24" type="jump" coverage="100%" />
              </conditions>
            </line>
            <line number="41" hits="4" branch="False" />
            <line number="42" hits="4" branch="False" />
            <line number="45" hits="4" branch="True" condition-coverage="100% (2/2)">
              <conditions>
                <condition number="24" type="jump" coverage="100%" />
              </conditions>
            </line>
            <line number="46" hits="4" branch="False" />
            <line number="47" hits="4" branch="False" />
          </lines>
        </class>
        <class name="Teams.Data.Repositories.Players.PlayersRepository" filename="Teams.Data/Repositories/Players/PlayersRepository.cs" line-rate="1" branch-rate="1" complexity="3">
          <methods>
            <method name="UpdateAsync" signature="(Teams.Domain.Entities.Player,System.Threading.CancellationToken)" line-rate="1" branch-rate="1" complexity="1">
              <lines>
                <line number="20" hits="1" branch="False" />
                <line number="21" hits="1" branch="False" />
              </lines>
            </method>
            <method name="DeleteAsync" signature="(Teams.Domain.Entities.Player,System.Threading.CancellationToken)" line-rate="1" branch-rate="1" complexity="1">
              <lines>
                <line number="27" hits="1" branch="False" />
                <line number="28" hits="1" branch="False" />
              </lines>
            </method>
            <method name=".ctor" signature="(Teams.Data.Context.ApiDbContext)" line-rate="1" branch-rate="1" complexity="1">
              <lines>
                <line number="8" hits="7" branch="False" />
              </lines>
            </method>
          </methods>
          <lines>
            <line number="20" hits="1" branch="False" />
            <line number="21" hits="1" branch="False" />
            <line number="27" hits="1" branch="False" />
            <line number="28" hits="1" branch="False" />
            <line number="8" hits="7" branch="False" />
          </lines>
        </class>
        <class name="Teams.Data.Repositories.Players.PlayersRepository/&lt;CreateAsync&gt;d__1" filename="Teams.Data/Repositories/Players/PlayersRepository.cs" line-rate="1" branch-rate="1" complexity="1">
          <methods>
            <method name="MoveNext" signature="()" line-rate="1" branch-rate="1" complexity="1">
              <lines>
                <line number="13" hits="1" branch="False" />
                <line number="14" hits="1" branch="False" />
                <line number="15" hits="1" branch="False" />
              </lines>
            </method>
          </methods>
          <lines>
            <line number="13" hits="1" branch="False" />
            <line number="14" hits="1" branch="False" />
            <line number="15" hits="1" branch="False" />
          </lines>
        </class>
        <class name="Teams.Data.Repositories.Players.ReadOnlyPlayersRepository" filename="Teams.Data/Repositories/Players/ReadOnlyPlayersRepository.cs" line-rate="1" branch-rate="1" complexity="1">
          <methods>
            <method name=".ctor" signature="(Teams.Data.Context.ApiDbContext)" line-rate="1" branch-rate="1" complexity="1">
              <lines>
                <line number="12" hits="21" branch="False" />
              </lines>
            </method>
          </methods>
          <lines>
            <line number="12" hits="21" branch="False" />
          </lines>
        </class>
        <class name="Teams.Data.Repositories.Players.ReadOnlyPlayersRepository/&lt;GetAsync&gt;d__2" filename="Teams.Data/Repositories/Players/ReadOnlyPlayersRepository.cs" line-rate="1" branch-rate="1" complexity="4">
          <methods>
            <method name="MoveNext" signature="()" line-rate="1" branch-rate="1" complexity="4">
              <lines>
                <line number="29" hits="13" branch="True" condition-coverage="100% (4/4)">
                  <conditions>
                    <condition number="115" type="jump" coverage="100%" />
                    <condition number="147" type="jump" coverage="100%" />
                  </conditions>
                </line>
                <line number="30" hits="13" branch="False" />
                <line number="31" hits="13" branch="False" />
                <line number="32" hits="13" branch="False" />
                <line number="33" hits="13" branch="False" />
                <line number="34" hits="13" branch="False" />
                <line number="35" hits="13" branch="False" />
                <line number="36" hits="13" branch="False" />
                <line number="37" hits="13" branch="False" />
                <line number="38" hits="13" branch="False" />
                <line number="39" hits="13" branch="False" />
              </lines>
            </method>
          </methods>
          <lines>
            <line number="29" hits="13" branch="True" condition-coverage="100% (4/4)">
              <conditions>
                <condition number="115" type="jump" coverage="100%" />
                <condition number="147" type="jump" coverage="100%" />
              </conditions>
            </line>
            <line number="30" hits="13" branch="False" />
            <line number="31" hits="13" branch="False" />
            <line number="32" hits="13" branch="False" />
            <line number="33" hits="13" branch="False" />
            <line number="34" hits="13" branch="False" />
            <line number="35" hits="13" branch="False" />
            <line number="36" hits="13" branch="False" />
            <line number="37" hits="13" branch="False" />
            <line number="38" hits="13" branch="False" />
            <line number="39" hits="13" branch="False" />
          </lines>
        </class>
        <class name="Teams.Data.Repositories.Players.ReadOnlyPlayersRepository/&lt;GetByIdAsync&gt;d__1" filename="Teams.Data/Repositories/Players/ReadOnlyPlayersRepository.cs" line-rate="1" branch-rate="1" complexity="1">
          <methods>
            <method name="MoveNext" signature="()" line-rate="1" branch-rate="1" complexity="1">
              <lines>
                <line number="16" hits="2" branch="False" />
              </lines>
            </method>
          </methods>
          <lines>
            <line number="16" hits="2" branch="False" />
          </lines>
        </class>
        <class name="Teams.Data.Repositories.Games.GamesFilterHelper" filename="Teams.Data/Repositories/Games/GamesFilterHelper.cs" line-rate="1" branch-rate="1" complexity="16">
          <methods>
            <method name="ApplyLocationFilter" signature="(System.Linq.IQueryable`1&lt;Teams.Domain.Entities.Game&gt;,System.String)" line-rate="1" branch-rate="1" complexity="2">
              <lines>
                <line number="11" hits="14" branch="True" condition-coverage="100% (2/2)">
                  <conditions>
                    <condition number="19" type="jump" coverage="100%" />
                  </conditions>
                </line>
                <line number="12" hits="14" branch="False" />
                <line number="13" hits="14" branch="False" />
              </lines>
            </method>
            <method name="ApplyStartTimeFromFilter" signature="(System.Linq.IQueryable`1&lt;Teams.Domain.Entities.Game&gt;,System.Nullable`1&lt;System.DateTime&gt;)" line-rate="1" branch-rate="1" complexity="2">
              <lines>
                <line number="16" hits="14" branch="True" condition-coverage="100% (2/2)">
                  <conditions>
                    <condition number="24" type="jump" coverage="100%" />
                  </conditions>
                </line>
                <line number="17" hits="14" branch="False" />
                <line number="18" hits="14" branch="False" />
              </lines>
            </method>
            <method name="ApplyStartTimeToFilter" signature="(System.Linq.IQueryable`1&lt;Teams.Domain.Entities.Game&gt;,System.Nullable`1&lt;System.DateTime&gt;)" line-rate="1" branch-rate="1" complexity="2">
              <lines>
                <line number="21" hits="14" branch="True" condition-coverage="100% (2/2)">
                  <conditions>
                    <condition number="24" type="jump" coverage="100%" />
                  </conditions>
                </line>
                <line number="22" hits="14" branch="False" />
                <line number="23" hits="14" branch="False" />
              </lines>
            </method>
            <method name="ApplyDurationFilter" signature="(System.Linq.IQueryable`1&lt;Teams.Domain.Entities.Game&gt;,Teams.Data.Models.RangeFilter`1&lt;System.Int32&gt;)" line-rate="1" branch-rate="1" complexity="2">
              <lines>
                <line number="26" hits="16" branch="True" condition-coverage="100% (2/2)">
                  <conditions>
                    <condition number="1" type="jump" coverage="100%" />
                  </conditions>
                </line>
                <line number="27" hits="16" branch="False" />
                <line number="28" hits="16" branch="False" />
              </lines>
            </method>
            <method name="ApplyTeamSizeFilter" signature="(System.Linq.IQueryable`1&lt;Teams.Domain.Entities.Game&gt;,System.Nullable`1&lt;System.Int32&gt;)" line-rate="1" branch-rate="1" complexity="2">
              <lines>
                <line number="31" hits="14" branch="True" condition-coverage="100% (2/2)">
                  <conditions>
                    <condition number="24" type="jump" coverage="100%" />
                  </conditions>
                </line>
                <line number="32" hits="14" branch="False" />
                <line number="33" hits="14" branch="False" />
              </lines>
            </method>
            <method name="ApplyStatusFilter" signature="(System.Linq.IQueryable`1&lt;Teams.Domain.Entities.Game&gt;,System.Nullable`1&lt;Teams.Domain.Enums.GameStatusEnum&gt;)" line-rate="1" branch-rate="1" complexity="2">
              <lines>
                <line number="36" hits="14" branch="True" condition-coverage="100% (2/2)">
                  <conditions>
                    <condition number="24" type="jump" coverage="100%" />
                  </conditions>
                </line>
                <line number="37" hits="14" branch="False" />
                <line number="38" hits="14" branch="False" />
              </lines>
            </method>
            <method name="ApplyDurationFromFilter" signature="(System.Linq.IQueryable`1&lt;Teams.Domain.Entities.Game&gt;,System.Nullable`1&lt;System.Int32&gt;)" line-rate="1" branch-rate="1" complexity="2">
              <lines>
                <line number="41" hits="4" branch="True" condition-coverage="100% (2/2)">
                  <conditions>
                    <condition number="24" type="jump" coverage="100%" />
                  </conditions>
                </line>
                <line number="42" hits="4" branch="False" />
                <line number="43" hits="4" branch="False" />
              </lines>
            </method>
            <method name="ApplyDurationToFilter" signature="(System.Linq.IQueryable`1&lt;Teams.Domain.Entities.Game&gt;,System.Nullable`1&lt;System.Int32&gt;)" line-rate="1" branch-rate="1" complexity="2">
              <lines>
                <line number="46" hits="4" branch="True" condition-coverage="100% (2/2)">
                  <conditions>
                    <condition number="24" type="jump" coverage="100%" />
                  </conditions>
                </line>
                <line number="47" hits="4" branch="False" />
                <line number="48" hits="4" branch="False" />
              </lines>
            </method>
          </methods>
          <lines>
            <line number="11" hits="14" branch="True" condition-coverage="100% (2/2)">
              <conditions>
                <condition number="19" type="jump" coverage="100%" />
              </conditions>
            </line>
            <line number="12" hits="14" branch="False" />
            <line number="13" hits="14" branch="False" />
            <line number="16" hits="14" branch="True" condition-coverage="100% (2/2)">
              <conditions>
                <condition number="24" type="jump" coverage="100%" />
              </conditions>
            </line>
            <line number="17" hits="14" branch="False" />
            <line number="18" hits="14" branch="False" />
            <line number="21" hits="14" branch="True" condition-coverage="100% (2/2)">
              <conditions>
                <condition number="24" type="jump" coverage="100%" />
              </conditions>
            </line>
            <line number="22" hits="14" branch="False" />
            <line number="23" hits="14" branch="False" />
            <line number="26" hits="16" branch="True" condition-coverage="100% (2/2)">
              <conditions>
                <condition number="1" type="jump" coverage="100%" />
              </conditions>
            </line>
            <line number="27" hits="16" branch="False" />
            <line number="28" hits="16" branch="False" />
            <line number="31" hits="14" branch="True" condition-coverage="100% (2/2)">
              <conditions>
                <condition number="24" type="jump" coverage="100%" />
              </conditions>
            </line>
            <line number="32" hits="14" branch="False" />
            <line number="33" hits="14" branch="False" />
            <line number="36" hits="14" branch="True" condition-coverage="100% (2/2)">
              <conditions>
                <condition number="24" type="jump" coverage="100%" />
              </conditions>
            </line>
            <line number="37" hits="14" branch="False" />
            <line number="38" hits="14" branch="False" />
            <line number="41" hits="4" branch="True" condition-coverage="100% (2/2)">
              <conditions>
                <condition number="24" type="jump" coverage="100%" />
              </conditions>
            </line>
            <line number="42" hits="4" branch="False" />
            <line number="43" hits="4" branch="False" />
            <line number="46" hits="4" branch="True" condition-coverage="100% (2/2)">
              <conditions>
                <condition number="24" type="jump" coverage="100%" />
              </conditions>
            </line>
            <line number="47" hits="4" branch="False" />
            <line number="48" hits="4" branch="False" />
          </lines>
        </class>
        <class name="Teams.Data.Repositories.Games.GamesRepository" filename="Teams.Data/Repositories/Games/GamesRepository.cs" line-rate="1" branch-rate="1" complexity="3">
          <methods>
            <method name="UpdateAsync" signature="(Teams.Domain.Entities.Game,System.Threading.CancellationToken)" line-rate="1" branch-rate="1" complexity="1">
              <lines>
                <line number="20" hits="1" branch="False" />
                <line number="21" hits="1" branch="False" />
              </lines>
            </method>
            <method name="DeleteAsync" signature="(Teams.Domain.Entities.Game,System.Threading.CancellationToken)" line-rate="1" branch-rate="1" complexity="1">
              <lines>
                <line number="27" hits="1" branch="False" />
                <line number="28" hits="1" branch="False" />
              </lines>
            </method>
            <method name=".ctor" signature="(Teams.Data.Context.ApiDbContext)" line-rate="1" branch-rate="1" complexity="1">
              <lines>
                <line number="8" hits="5" branch="False" />
              </lines>
            </method>
          </methods>
          <lines>
            <line number="20" hits="1" branch="False" />
            <line number="21" hits="1" branch="False" />
            <line number="27" hits="1" branch="False" />
            <line number="28" hits="1" branch="False" />
            <line number="8" hits="5" branch="False" />
          </lines>
        </class>
        <class name="Teams.Data.Repositories.Games.GamesRepository/&lt;CreateAsync&gt;d__1" filename="Teams.Data/Repositories/Games/GamesRepository.cs" line-rate="1" branch-rate="1" complexity="1">
          <methods>
            <method name="MoveNext" signature="()" line-rate="1" branch-rate="1" complexity="1">
              <lines>
                <line number="13" hits="1" branch="False" />
                <line number="14" hits="1" branch="False" />
                <line number="15" hits="1" branch="False" />
              </lines>
            </method>
          </methods>
          <lines>
            <line number="13" hits="1" branch="False" />
            <line number="14" hits="1" branch="False" />
            <line number="15" hits="1" branch="False" />
          </lines>
        </class>
        <class name="Teams.Data.Repositories.Games.ReadOnlyGamesRepository" filename="Teams.Data/Repositories/Games/ReadOnlyGamesRepository.cs" line-rate="1" branch-rate="1" complexity="1">
          <methods>
            <method name=".ctor" signature="(Teams.Data.Context.ApiDbContext)" line-rate="1" branch-rate="1" complexity="1">
              <lines>
                <line number="11" hits="19" branch="False" />
              </lines>
            </method>
          </methods>
          <lines>
            <line number="11" hits="19" branch="False" />
          </lines>
        </class>
        <class name="Teams.Data.Repositories.Games.ReadOnlyGamesRepository/&lt;GetAsync&gt;d__2" filename="Teams.Data/Repositories/Games/ReadOnlyGamesRepository.cs" line-rate="1" branch-rate="1" complexity="8">
          <methods>
            <method name="MoveNext" signature="()" line-rate="1" branch-rate="1" complexity="8">
              <lines>
                <line number="30" hits="12" branch="True" condition-coverage="100% (8/8)">
                  <conditions>
                    <condition number="49" type="jump" coverage="100%" />
                    <condition number="81" type="jump" coverage="100%" />
                    <condition number="157" type="jump" coverage="100%" />
                    <condition number="189" type="jump" coverage="100%" />
                  </conditions>
                </line>
                <line number="31" hits="12" branch="False" />
                <line number="32" hits="12" branch="False" />
                <line number="33" hits="12" branch="False" />
                <line number="34" hits="12" branch="False" />
                <line number="35" hits="12" branch="False" />
                <line number="36" hits="12" branch="False" />
                <line number="37" hits="12" branch="False" />
                <line number="38" hits="12" branch="False" />
                <line number="39" hits="12" branch="False" />
                <line number="40" hits="12" branch="False" />
              </lines>
            </method>
          </methods>
          <lines>
            <line number="30" hits="12" branch="True" condition-coverage="100% (8/8)">
              <conditions>
                <condition number="49" type="jump" coverage="100%" />
                <condition number="81" type="jump" coverage="100%" />
                <condition number="157" type="jump" coverage="100%" />
                <condition number="189" type="jump" coverage="100%" />
              </conditions>
            </line>
            <line number="31" hits="12" branch="False" />
            <line number="32" hits="12" branch="False" />
            <line number="33" hits="12" branch="False" />
            <line number="34" hits="12" branch="False" />
            <line number="35" hits="12" branch="False" />
            <line number="36" hits="12" branch="False" />
            <line number="37" hits="12" branch="False" />
            <line number="38" hits="12" branch="False" />
            <line number="39" hits="12" branch="False" />
            <line number="40" hits="12" branch="False" />
          </lines>
        </class>
        <class name="Teams.Data.Repositories.Games.ReadOnlyGamesRepository/&lt;GetByIdAsync&gt;d__1" filename="Teams.Data/Repositories/Games/ReadOnlyGamesRepository.cs" line-rate="1" branch-rate="1" complexity="1">
          <methods>
            <method name="MoveNext" signature="()" line-rate="1" branch-rate="1" complexity="1">
              <lines>
                <line number="15" hits="2" branch="False" />
                <line number="16" hits="2" branch="False" />
                <line number="17" hits="2" branch="False" />
                <line number="18" hits="2" branch="False" />
              </lines>
            </method>
          </methods>
          <lines>
            <line number="15" hits="2" branch="False" />
            <line number="16" hits="2" branch="False" />
            <line number="17" hits="2" branch="False" />
            <line number="18" hits="2" branch="False" />
          </lines>
        </class>
        <class name="Teams.Data.Models.DateFilter" filename="Teams.Data/Models/DateFilter.cs" line-rate="1" branch-rate="1" complexity="3">
          <methods>
            <method name="get_Created" signature="()" line-rate="1" branch-rate="1" complexity="1">
              <lines>
                <line number="7" hits="24" branch="False" />
              </lines>
            </method>
            <method name="get_Modified" signature="()" line-rate="1" branch-rate="1" complexity="1">
              <lines>
                <line number="8" hits="36" branch="False" />
              </lines>
            </method>
            <method name=".ctor" signature="(Teams.Data.Models.RangeFilter`1&lt;System.DateTime&gt;,Teams.Data.Models.RangeFilter`1&lt;System.DateTime&gt;)" line-rate="1" branch-rate="1" complexity="1">
              <lines>
                <line number="6" hits="12" branch="False" />
              </lines>
            </method>
          </methods>
          <lines>
            <line number="7" hits="24" branch="False" />
            <line number="8" hits="36" branch="False" />
            <line number="6" hits="12" branch="False" />
          </lines>
        </class>
        <class name="Teams.Data.Models.PaginationFilter" filename="Teams.Data/Models/PaginationFilter.cs" line-rate="1" branch-rate="1" complexity="1">
          <methods>
            <method name="get_Cursor" signature="()" line-rate="1" branch-rate="1" complexity="1">
              <lines>
                <line number="6" hits="9" branch="False" />
              </lines>
            </method>
          </methods>
          <lines>
            <line number="6" hits="9" branch="False" />
          </lines>
        </class>
        <class name="Teams.Data.Models.RangeFilter`1" filename="Teams.Data/Models/RangeFilter.cs" line-rate="1" branch-rate="1" complexity="1">
          <methods>
            <method name="get_From" signature="()" line-rate="1" branch-rate="1" complexity="1">
              <lines>
                <line number="3" hits="78" branch="False" />
              </lines>
            </method>
          </methods>
          <lines>
            <line number="3" hits="78" branch="False" />
          </lines>
        </class>
        <class name="Teams.Data.Filters.DateFilterHelper" filename="Teams.Data/Filters/DateFilterHelper.cs" line-rate="1" branch-rate="1" complexity="10">
          <methods>
            <method name="ApplyBaseEntityDateFilters" signature="(System.Linq.IQueryable`1&lt;T&gt;,Teams.Data.Models.DateFilter)" line-rate="1" branch-rate="1" complexity="10">
              <lines>
                <line number="13" hits="35" branch="True" condition-coverage="100% (10/10)">
                  <conditions>
                    <condition number="7" type="jump" coverage="100%" />
                    <condition number="17" type="jump" coverage="100%" />
                    <condition number="48" type="jump" coverage="100%" />
                    <condition number="79" type="jump" coverage="100%" />
                    <condition number="110" type="jump" coverage="100%" />
                  </conditions>
                </line>
                <line number="14" hits="35" branch="False" />
                <line number="15" hits="35" branch="False" />
                <line number="16" hits="35" branch="False" />
                <line number="17" hits="35" branch="False" />
                <line number="18" hits="35" branch="False" />
                <line number="19" hits="35" branch="False" />
              </lines>
            </method>
          </methods>
          <lines>
            <line number="13" hits="35" branch="True" condition-coverage="100% (10/10)">
              <conditions>
                <condition number="7" type="jump" coverage="100%" />
                <condition number="17" type="jump" coverage="100%" />
                <condition number="48" type="jump" coverage="100%" />
                <condition number="79" type="jump" coverage="100%" />
                <condition number="110" type="jump" coverage="100%" />
              </conditions>
            </line>
            <line number="14" hits="35" branch="False" />
            <line number="15" hits="35" branch="False" />
            <line number="16" hits="35" branch="False" />
            <line number="17" hits="35" branch="False" />
            <line number="18" hits="35" branch="False" />
            <line number="19" hits="35" branch="False" />
          </lines>
        </class>
        <class name="Teams.Data.Filters.HasCreatedTimestampQueryFilter" filename="Teams.Data/Filters/HasCreatedTimestampQueryFilter.cs" line-rate="1" branch-rate="1" complexity="4">
          <methods>
            <method name="ApplyCreatedFromFilter" signature="(System.Linq.IQueryable`1&lt;T&gt;,System.Nullable`1&lt;System.DateTime&gt;)" line-rate="1" branch-rate="1" complexity="2">
              <lines>
                <line number="15" hits="14" branch="True" condition-coverage="100% (2/2)">
                  <conditions>
                    <condition number="24" type="jump" coverage="100%" />
                  </conditions>
                </line>
                <line number="16" hits="14" branch="False" />
                <line number="17" hits="14" branch="False" />
              </lines>
            </method>
            <method name="ApplyCreatedToFilter" signature="(System.Linq.IQueryable`1&lt;T&gt;,System.Nullable`1&lt;System.DateTime&gt;)" line-rate="1" branch-rate="1" complexity="2">
              <lines>
                <line number="26" hits="14" branch="True" condition-coverage="100% (2/2)">
                  <conditions>
                    <condition number="24" type="jump" coverage="100%" />
                  </conditions>
                </line>
                <line number="27" hits="14" branch="False" />
                <line number="28" hits="14" branch="False" />
              </lines>
            </method>
          </methods>
          <lines>
            <line number="15" hits="14" branch="True" condition-coverage="100% (2/2)">
              <conditions>
                <condition number="24" type="jump" coverage="100%" />
              </conditions>
            </line>
            <line number="16" hits="14" branch="False" />
            <line number="17" hits="14" branch="False" />
            <line number="26" hits="14" branch="True" condition-coverage="100% (2/2)">
              <conditions>
                <condition number="24" type="jump" coverage="100%" />
              </conditions>
            </line>
            <line number="27" hits="14" branch="False" />
            <line number="28" hits="14" branch="False" />
          </lines>
        </class>
        <class name="Teams.Data.Filters.HasCursorQueryFilter" filename="Teams.Data/Filters/HasCursorQueryFilter.cs" line-rate="1" branch-rate="1" complexity="3">
          <methods>
            <method name="ApplyCursor" signature="(System.Linq.IQueryable`1&lt;T&gt;,System.Nullable`1&lt;System.Int64&gt;)" line-rate="1" branch-rate="1" complexity="2">
              <lines>
                <line number="15" hits="38" branch="True" condition-coverage="100% (2/2)">
                  <conditions>
                    <condition number="24" type="jump" coverage="100%" />
                  </conditions>
                </line>
              </lines>
            </method>
[...]
              <lines>
                <line number="86" hits="88921" branch="False" />
                <line number="87" hits="88921" branch="False" />
                <line number="88" hits="88921" branch="False" />
              </lines>
            </method>
            <method name="SetRatingChange" signature="(System.Int32,System.Double,System.Int32)" line-rate="0" branch-rate="0" complexity="2">
              <lines>
                <line number="102" hits="0" branch="True" condition-coverage="0% (0/2)">
                  <conditions>
                    <condition number="10" type="jump" coverage="0%" />
                  </conditions>
                </line>
                <line number="103" hits="0" branch="False" />
                <line number="104" hits="0" branch="False" />
                <line number="105" hits="0" branch="False" />
                <line number="106" hits="0" branch="False" />
                <line number="107" hits="0" branch="False" />
              </lines>
            </method>
            <method name="AsSerializable" signature="()" line-rate="0" branch-rate="1" complexity="1">
              <lines>
                <line number="111" hits="0" branch="False" />
              </lines>
            </method>
            <method name=".ctor" signature="(System.String,System.String,System.String,System.Int32,Teams.Domain.Enums.PlayerTypeEnum,Teams.Domain.Enums.GameTeamEnum)" line-rate="1" branch-rate="1" complexity="1">
              <lines>
                <line number="13" hits="89491" branch="False" />
              </lines>
            </method>
            <method name=".ctor" signature="(Teams.Domain.Entities.Game,System.String,System.Int32)" line-rate="1" branch-rate="1" complexity="1">
              <lines>
                <line number="23" hits="82080" branch="False" />
                <line number="25" hits="82080" branch="False" />
                <line number="26" hits="82080" branch="False" />
              </lines>
            </method>
            <method name=".ctor" signature="(Teams.Domain.Entities.Game,Teams.Domain.Entities.User)" line-rate="1" branch-rate="1" complexity="1">
              <lines>
                <line number="34" hits="6840" branch="False" />
                <line number="36" hits="6840" branch="False" />
                <line number="37" hits="6840" branch="False" />
                <line number="38" hits="6840" branch="False" />
              </lines>
            </method>
          </methods>
          <lines>
            <line number="43" hits="89705" branch="False" />
            <line number="48" hits="89705" branch="False" />
            <line number="53" hits="89705" branch="False" />
            <line number="58" hits="6994" branch="False" />
            <line number="61" hits="343043" branch="False" />
            <line number="64" hits="154" branch="False" />
            <line number="66" hits="89705" branch="False" />
            <line number="71" hits="267547" branch="False" />
            <line number="77" hits="154" branch="True" condition-coverage="50% (1/2)">
              <conditions>
                <condition number="7" type="jump" coverage="50%" />
              </conditions>
            </line>
            <line number="78" hits="89490" branch="False" />
            <line number="86" hits="88921" branch="False" />
            <line number="87" hits="88921" branch="False" />
            <line number="88" hits="88921" branch="False" />
            <line number="102" hits="0" branch="True" condition-coverage="0% (0/2)">
              <conditions>
                <condition number="10" type="jump" coverage="0%" />
              </conditions>
            </line>
            <line number="103" hits="0" branch="False" />
            <line number="104" hits="0" branch="False" />
            <line number="105" hits="0" branch="False" />
            <line number="106" hits="0" branch="False" />
            <line number="107" hits="0" branch="False" />
            <line number="111" hits="0" branch="False" />
            <line number="13" hits="89491" branch="False" />
            <line number="23" hits="82080" branch="False" />
            <line number="25" hits="82080" branch="False" />
            <line number="26" hits="82080" branch="False" />
            <line number="34" hits="6840" branch="False" />
            <line number="36" hits="6840" branch="False" />
            <line number="37" hits="6840" branch="False" />
            <line number="38" hits="6840" branch="False" />
          </lines>
        </class>
        <class name="Teams.Domain.Entities.User" filename="Teams.Domain/Entities/User.cs" line-rate="0.9545" branch-rate="1" complexity="11">
          <methods>
            <method name="get_ExternalId" signature="()" line-rate="1" branch-rate="1" complexity="1">
              <lines>
                <line number="19" hits="84" branch="False" />
              </lines>
            </method>
            <method name="get_EmailAddress" signature="()" line-rate="1" branch-rate="1" complexity="1">
              <lines>
                <line number="22" hits="2226" branch="False" />
              </lines>
            </method>
            <method name="get_Mobile" signature="()" line-rate="1" branch-rate="1" complexity="1">
              <lines>
                <line number="25" hits="4236" branch="False" />
              </lines>
            </method>
            <method name="get_Tag" signature="()" line-rate="1" branch-rate="1" complexity="1">
              <lines>
                <line number="28" hits="13210" branch="False" />
              </lines>
            </method>
            <method name="get_DisplayName" signature="()" line-rate="1" branch-rate="1" complexity="1">
              <lines>
                <line number="31" hits="2226" branch="False" />
              </lines>
            </method>
            <method name="get_Rating" signature="()" line-rate="1" branch-rate="1" complexity="1">
              <lines>
                <line number="35" hits="22281" branch="False" />
              </lines>
            </method>
            <method name="get_Participation" signature="()" line-rate="1" branch-rate="1" complexity="1">
              <lines>
                <line number="38" hits="2166" branch="False" />
              </lines>
            </method>
            <method name="Update" signature="(System.String,System.String,System.String,System.String)" line-rate="1" branch-rate="1" complexity="1">
              <lines>
                <line number="47" hits="2072" branch="False" />
                <line number="48" hits="2072" branch="False" />
                <line number="49" hits="2072" branch="False" />
                <line number="50" hits="2072" branch="False" />
                <line number="51" hits="2072" branch="False" />
              </lines>
            </method>
            <method name="ApplyRatingChange" signature="(System.Int32)" line-rate="1" branch-rate="1" complexity="1">
              <lines>
                <line number="55" hits="2071" branch="False" />
                <line number="56" hits="2071" branch="False" />
              </lines>
            </method>
            <method name="AsSerializable" signature="()" line-rate="0" branch-rate="1" complexity="1">
              <lines>
                <line number="60" hits="0" branch="False" />
              </lines>
            </method>
            <method name=".ctor" signature="(System.String,System.String,System.String,System.String)" line-rate="1" branch-rate="1" complexity="1">
              <lines>
                <line number="9" hits="2082" branch="False" />
                <line number="11" hits="2082" branch="False" />
                <line number="12" hits="2082" branch="False" />
                <line number="13" hits="2082" branch="False" />
                <line number="14" hits="2082" branch="False" />
                <line number="15" hits="2082" branch="False" />
                <line number="16" hits="2082" branch="False" />
              </lines>
            </method>
          </methods>
          <lines>
            <line number="19" hits="84" branch="False" />
            <line number="22" hits="2226" branch="False" />
            <line number="25" hits="4236" branch="False" />
            <line number="28" hits="13210" branch="False" />
            <line number="31" hits="2226" branch="False" />
            <line number="35" hits="22281" branch="False" />
            <line number="38" hits="2166" branch="False" />
            <line number="47" hits="2072" branch="False" />
            <line number="48" hits="2072" branch="False" />
            <line number="49" hits="2072" branch="False" />
            <line number="50" hits="2072" branch="False" />
            <line number="51" hits="2072" branch="False" />
            <line number="55" hits="2071" branch="False" />
            <line number="56" hits="2071" branch="False" />
            <line number="60" hits="0" branch="False" />
            <line number="9" hits="2082" branch="False" />
            <line number="11" hits="2082" branch="False" />
            <line number="12" hits="2082" branch="False" />
            <line number="13" hits="2082" branch="False" />
            <line number="14" hits="2082" branch="False" />
            <line number="15" hits="2082" branch="False" />
            <line number="16" hits="2082" branch="False" />
          </lines>
        </class>
        <class name="Teams.Domain.Entities.Abstract.EntityBase" filename="Teams.Domain/Entities/Abstract/EntityBase.cs" line-rate="0.8048000000000001" branch-rate="0.625" complexity="27">
          <methods>
            <method name="get_Id" signature="()" line-rate="1" branch-rate="1" complexity="1">
              <lines>
                <line number="24" hits="392949" branch="False" />
              </lines>
            </method>
            <method name="get_Cursor" signature="()" line-rate="1" branch-rate="1" complexity="1">
              <lines>
                <line number="27" hits="473" branch="False" />
              </lines>
            </method>
            <method name="get_DateCreated" signature="()" line-rate="1" branch-rate="1" complexity="1">
              <lines>
                <line number="30" hits="82556" branch="False" />
              </lines>
            </method>
            <method name="get_DateModified" signature="()" line-rate="1" branch-rate="1" complexity="1">
              <lines>
                <line number="33" hits="288376" branch="False" />
              </lines>
            </method>
            <method name="get_DateDeleted" signature="()" line-rate="1" branch-rate="1" complexity="1">
              <lines>
                <line number="36" hits="470" branch="False" />
              </lines>
            </method>
            <method name="get_IsDirty" signature="()" line-rate="1" branch-rate="1" complexity="1">
              <lines>
                <line number="39" hits="189473" branch="False" />
              </lines>
            </method>
            <method name="UpdateProperty" signature="(System.String,System.Object)" line-rate="0.9" branch-rate="0.8332999999999999" complexity="6">
              <lines>
                <line number="51" hits="210173" branch="True" condition-coverage="100% (2/2)">
                  <conditions>
                    <condition number="1" type="jump" coverage="100%" />
                  </conditions>
                </line>
                <line number="52" hits="19830" branch="False" />
                <line number="55" hits="190343" branch="False" />
                <line number="56" hits="190343" branch="True" condition-coverage="50% (1/2)">
                  <conditions>
                    <condition number="30" type="jump" coverage="50%" />
                  </conditions>
                </line>
                <line number="57" hits="0" branch="False" />
                <line number="60" hits="190343" branch="False" />
                <line number="61" hits="190343" branch="True" condition-coverage="100% (2/2)">
                  <conditions>
                    <condition number="72" type="jump" coverage="100%" />
                  </conditions>
                </line>
                <line number="62" hits="6840" branch="False" />
                <line number="65" hits="183503" branch="False" />
                <line number="66" hits="183503" branch="False" />
              </lines>
            </method>
            <method name="SetDateModified" signature="()" line-rate="1" branch-rate="1" complexity="1">
              <lines>
                <line number="72" hits="189003" branch="False" />
                <line number="73" hits="189003" branch="False" />
                <line number="74" hits="189003" branch="False" />
              </lines>
            </method>
            <method name="Delete" signature="()" line-rate="0" branch-rate="1" complexity="1">
              <lines>
                <line number="76" hits="0" branch="False" />
              </lines>
            </method>
            <method name="SoftDelete" signature="()" line-rate="0" branch-rate="0" complexity="2">
              <lines>
                <line number="81" hits="0" branch="True" condition-coverage="0% (0/2)">
                  <conditions>
                    <condition number="14" type="jump" coverage="0%" />
                  </conditions>
                </line>
                <line number="82" hits="0" branch="False" />
                <line number="84" hits="0" branch="False" />
                <line number="85" hits="0" branch="False" />
                <line number="86" hits="0" branch="False" />
              </lines>
            </method>
            <method name="ToString" signature="()" line-rate="0" branch-rate="1" complexity="1">
              <lines>
                <line number="92" hits="0" branch="False" />
              </lines>
            </method>
            <method name="GetProperty" signature="(System.String)" line-rate="1" branch-rate="0.625" complexity="8">
              <lines>
                <line number="100" hits="190343" branch="True" condition-coverage="50% (1/2)">
                  <conditions>
                    <condition number="44" type="jump" coverage="50%" />
                  </conditions>
                </line>
                <line number="101" hits="190343" branch="False" />
                <line number="102" hits="1201757" branch="True" condition-coverage="66.66% (4/6)">
                  <conditions>
                    <condition number="18" type="jump" coverage="100%" />
                    <condition number="21" type="jump" coverage="50%" />
                    <condition number="29" type="jump" coverage="50%" />
                  </conditions>
                </line>
                <line number="103" hits="1201757" branch="False" />
                <line number="104" hits="190343" branch="False" />
              </lines>
            </method>
            <method name="SetProperty" signature="(System.Reflection.PropertyInfo,System.Object)" line-rate="1" branch-rate="1" complexity="1">
              <lines>
                <line number="111" hits="183503" branch="False" />
                <line number="112" hits="183503" branch="False" />
                <line number="113" hits="183503" branch="False" />
              </lines>
            </method>
            <method name=".ctor" signature="()" line-rate="1" branch-rate="1" complexity="1">
              <lines>
                <line number="14" hits="98897" branch="False" />
                <line number="16" hits="98897" branch="False" />
                <line number="17" hits="98897" branch="False" />
                <line number="18" hits="98897" branch="False" />
                <line number="19" hits="98897" branch="False" />
                <line number="20" hits="98897" branch="False" />
                <line number="21" hits="98897" branch="False" />
              </lines>
            </method>
          </methods>
          <lines>
            <line number="24" hits="392949" branch="False" />
            <line number="27" hits="473" branch="False" />
            <line number="30" hits="82556" branch="False" />
            <line number="33" hits="288376" branch="False" />
            <line number="36" hits="470" branch="False" />
            <line number="39" hits="189473" branch="False" />
            <line number="51" hits="210173" branch="True" condition-coverage="100% (2/2)">
              <conditions>
                <condition number="1" type="jump" coverage="100%" />
              </conditions>
            </line>
            <line number="52" hits="19830" branch="False" />
            <line number="55" hits="190343" branch="False" />
            <line number="56" hits="190343" branch="True" condition-coverage="50% (1/2)">
              <conditions>
                <condition number="30" type="jump" coverage="50%" />
              </conditions>
            </line>
            <line number="57" hits="0" branch="False" />
            <line number="60" hits="190343" branch="False" />
            <line number="61" hits="190343" branch="True" condition-coverage="100% (2/2)">
              <conditions>
                <condition number="72" type="jump" coverage="100%" />
              </conditions>
            </line>
            <line number="62" hits="6840" branch="False" />
            <line number="65" hits="183503" branch="False" />
            <line number="66" hits="183503" branch="False" />
            <line number="72" hits="189003" branch="False" />
            <line number="73" hits="189003" branch="False" />
            <line number="74" hits="189003" branch="False" />
            <line number="76" hits="0" branch="False" />
            <line number="81" hits="0" branch="True" condition-coverage="0% (0/2)">
              <conditions>
                <condition number="14" type="jump" coverage="0%" />
              </conditions>
            </line>
            <line number="82" hits="0" branch="False" />
            <line number="84" hits="0" branch="False" />
            <line number="85" hits="0" branch="False" />
            <line number="86" hits="0" branch="False" />
            <line number="92" hits="0" branch="False" />
            <line number="100" hits="190343" branch="True" condition-coverage="50% (1/2)">
              <conditions>
                <condition number="44" type="jump" coverage="50%" />
              </conditions>
            </line>
            <line number="101" hits="190343" branch="False" />
            <line number="102" hits="1201757" branch="True" condition-coverage="66.66% (4/6)">
              <conditions>
                <condition number="18" type="jump" coverage="100%" />
                <condition number="21" type="jump" coverage="50%" />
                <condition number="29" type="jump" coverage="50%" />
              </conditions>
            </line>
            <line number="103" hits="1201757" branch="False" />
            <line number="104" hits="190343" branch="False" />
            <line number="111" hits="183503" branch="False" />
            <line number="112" hits="183503" branch="False" />
            <line number="113" hits="183503" branch="False" />
            <line number="14" hits="98897" branch="False" />
            <line number="16" hits="98897" branch="False" />
            <line number="17" hits="98897" branch="False" />
            <line number="18" hits="98897" branch="False" />
            <line number="19" hits="98897" branch="False" />
            <line number="20" hits="98897" branch="False" />
            <line number="21" hits="98897" branch="False" />
          </lines>
        </class>
      </classes>
    </package>
  </packages>
</coverage>